#
# There is insufficient memory for the Java Runtime Environment to continue.
# Native memory allocation (malloc) failed to allocate 509936 bytes for Chunk::new
# Possible reasons:
#   The system is out of physical RAM or swap space
#   The process is running with CompressedOops enabled, and the Java Heap may be blocking the growth of the native heap
# Possible solutions:
#   Reduce memory load on the system
#   Increase physical memory or swap space
#   Check if swap backing store is full
#   Decrease Java heap size (-Xmx/-Xms)
#   Decrease number of Java threads
#   Decrease Java thread stack sizes (-Xss)
#   Set larger code cache with -XX:ReservedCodeCacheSize=
#   JVM is running with Zero Based Compressed Oops mode in which the Java heap is
#     placed in the first 32GB address space. The Java Heap base address is the
#     maximum limit for the native heap growth. Please use -XX:HeapBaseMinAddress
#     to set the Java Heap base and to place the Java Heap above 32GB virtual address.
# This output file may be truncated or incomplete.
#
#  Out of Memory Error (allocation.cpp:389), pid=9212, tid=0x0000000000004f20
#
# JRE version: OpenJDK Runtime Environment (8.0_242-b01) (build 1.8.0_242-release-1644-b01)
# Java VM: OpenJDK 64-Bit Server VM (25.242-b01 mixed mode windows-amd64 compressed oops)
# Failed to write core dump. Minidumps are not enabled by default on client versions of Windows
#

---------------  T H R E A D  ---------------

Current thread (0x000000001c437800):  JavaThread "C2 CompilerThread0" daemon [_thread_in_native, id=20256, stack(0x000000001daa0000,0x000000001dba0000)]

Stack: [0x000000001daa0000,0x000000001dba0000]
[error occurred during error reporting (printing stack bounds), id 0xc0000005]

Native frames: (J=compiled Java code, j=interpreted, Vv=VM code, C=native code)


Current CompileTask:
C2:   4021 3464 %     4       org.jetbrains.kotlin.load.java.structure.impl.classFiles.BinaryClassSignatureParser::parseParameterizedClassRefSignature @ 26 (275 bytes)


---------------  P R O C E S S  ---------------

Java Threads: ( => current thread )
  0x000000001c48c800 JavaThread "Service Thread" daemon [_thread_blocked, id=14856, stack(0x000000001e1a0000,0x000000001e2a0000)]
  0x000000001c442800 JavaThread "C1 CompilerThread2" daemon [_thread_in_vm, id=4116, stack(0x000000001dca0000,0x000000001dda0000)]
  0x000000001c43b000 JavaThread "C2 CompilerThread1" daemon [_thread_in_native, id=7804, stack(0x000000001dba0000,0x000000001dca0000)]
=>0x000000001c437800 JavaThread "C2 CompilerThread0" daemon [_thread_in_native, id=20256, stack(0x000000001daa0000,0x000000001dba0000)]
  0x000000001c436000 JavaThread "Attach Listener" daemon [_thread_blocked, id=11372, stack(0x000000001d9a0000,0x000000001daa0000)]
  0x000000001c434800 JavaThread "Signal Dispatcher" daemon [_thread_blocked, id=22268, stack(0x000000001d8a0000,0x000000001d9a0000)]
  0x0000000002dec000 JavaThread "Finalizer" daemon [_thread_blocked, id=17012, stack(0x000000001d690000,0x000000001d790000)]
  0x0000000002de1800 JavaThread "Reference Handler" daemon [_thread_blocked, id=14128, stack(0x000000001d590000,0x000000001d690000)]
  0x0000000002cee000 JavaThread "main" [_thread_in_vm, id=21648, stack(0x0000000002be0000,0x0000000002ce0000)]

Other Threads:
  0x000000001c3f6800 VMThread [stack: 0x000000001d490000,0x000000001d590000] [id=11920]
  0x000000001c48d800 WatcherThread [stack: 0x000000001e2a0000,0x000000001e3a0000] [id=14596]

VM state:not at safepoint (normal execution)

VM Mutex/Monitor currently owned by a thread: None

heap address: 0x00000006c1800000, size: 4072 MB, Compressed Oops mode: Zero based, Oop shift amount: 3
Narrow klass base: 0x0000000000000000, Narrow klass shift: 3
Compressed class space size: 1073741824 Address: 0x00000007c0000000

Heap:
 PSYoungGen      total 141824K, used 48050K [0x000000076b300000, 0x0000000778280000, 0x00000007c0000000)
  eden space 131072K, 36% used [0x000000076b300000,0x000000076e1ecaf8,0x0000000773300000)
  from space 10752K, 0% used [0x0000000773300000,0x0000000773300000,0x0000000773d80000)
  to   space 10752K, 0% used [0x0000000777800000,0x0000000777800000,0x0000000778280000)
 ParOldGen       total 204288K, used 27532K [0x00000006c1800000, 0x00000006cdf80000, 0x000000076b300000)
  object space 204288K, 13% used [0x00000006c1800000,0x00000006c32e3340,0x00000006cdf80000)
 Metaspace       used 40285K, capacity 40904K, committed 41304K, reserved 1085440K
  class space    used 5045K, capacity 5198K, committed 5248K, reserved 1048576K

Card table byte_map: [0x00000000121b0000,0x00000000129b0000] byte_map_base: 0x000000000eba4000

Marking Bits: (ParMarkBitMap*) 0x000000006fe5f030
 Begin Bits: [0x0000000013300000, 0x00000000172a0000)
 End Bits:   [0x00000000172a0000, 0x000000001b240000)

Polling page: 0x0000000002b60000

CodeCache: size=245760Kb used=11256Kb max_used=11256Kb free=234503Kb
 bounds [0x0000000002df0000, 0x0000000003900000, 0x0000000011df0000]
 total_blobs=3968 nmethods=3503 adapters=378
 compilation: enabled

Compilation events (10 events):
Event: 4.006 Thread 0x000000001c442800 3511       1       org.jetbrains.kotlin.load.java.lazy.descriptors.LazyJavaClassDescriptor::isExpect (2 bytes)
Event: 4.006 Thread 0x000000001c442800 nmethod 3511 0x00000000038f4510 code [0x00000000038f4660, 0x00000000038f4770]
Event: 4.006 Thread 0x000000001c442800 3513       1       org.jetbrains.kotlin.load.java.lazy.descriptors.LazyJavaClassDescriptor::access$getC$p (5 bytes)
Event: 4.006 Thread 0x000000001c442800 nmethod 3513 0x00000000038f47d0 code [0x00000000038f4920, 0x00000000038f4a10]
Event: 4.007 Thread 0x000000001c442800 3514       1       org.jetbrains.kotlin.load.java.structure.impl.classFiles.BinaryJavaClass::getOuterClass (5 bytes)
Event: 4.007 Thread 0x000000001c442800 nmethod 3514 0x00000000038f4a90 code [0x00000000038f4be0, 0x00000000038f4cf0]
Event: 4.007 Thread 0x000000001c442800 3516       3       org.jetbrains.kotlin.descriptors.impl.DeclarationDescriptorImpl::getName (13 bytes)
Event: 4.008 Thread 0x000000001c442800 nmethod 3516 0x00000000038f4d50 code [0x00000000038f4ec0, 0x00000000038f50a8]
Event: 4.008 Thread 0x000000001c442800 3515       1       org.jetbrains.kotlin.load.java.structure.impl.classFiles.BinaryJavaClass::getFqName (5 bytes)
Event: 4.008 Thread 0x000000001c442800 nmethod 3515 0x00000000038f5150 code [0x00000000038f52a0, 0x00000000038f53b0]

GC Heap History (10 events):
Event: 1.344 GC heap before
{Heap before GC invocations=1 (full 0):
 PSYoungGen      total 76288K, used 65536K [0x000000076b300000, 0x0000000770800000, 0x00000007c0000000)
  eden space 65536K, 100% used [0x000000076b300000,0x000000076f300000,0x000000076f300000)
  from space 10752K, 0% used [0x000000076fd80000,0x000000076fd80000,0x0000000770800000)
  to   space 10752K, 0% used [0x000000076f300000,0x000000076f300000,0x000000076fd80000)
 ParOldGen       total 175104K, used 0K [0x00000006c1800000, 0x00000006cc300000, 0x000000076b300000)
  object space 175104K, 0% used [0x00000006c1800000,0x00000006c1800000,0x00000006cc300000)
 Metaspace       used 15667K, capacity 15998K, committed 16256K, reserved 1062912K
  class space    used 1788K, capacity 1913K, committed 1920K, reserved 1048576K
Event: 1.359 GC heap after
Heap after GC invocations=1 (full 0):
 PSYoungGen      total 76288K, used 10748K [0x000000076b300000, 0x0000000774800000, 0x00000007c0000000)
  eden space 65536K, 0% used [0x000000076b300000,0x000000076b300000,0x000000076f300000)
  from space 10752K, 99% used [0x000000076f300000,0x000000076fd7f0a0,0x000000076fd80000)
  to   space 10752K, 0% used [0x0000000773d80000,0x0000000773d80000,0x0000000774800000)
 ParOldGen       total 175104K, used 4452K [0x00000006c1800000, 0x00000006cc300000, 0x000000076b300000)
  object space 175104K, 2% used [0x00000006c1800000,0x00000006c1c59160,0x00000006cc300000)
 Metaspace       used 15667K, capacity 15998K, committed 16256K, reserved 1062912K
  class space    used 1788K, capacity 1913K, committed 1920K, reserved 1048576K
}
Event: 1.686 GC heap before
{Heap before GC invocations=2 (full 0):
 PSYoungGen      total 76288K, used 32221K [0x000000076b300000, 0x0000000774800000, 0x00000007c0000000)
  eden space 65536K, 32% used [0x000000076b300000,0x000000076c7f8488,0x000000076f300000)
  from space 10752K, 99% used [0x000000076f300000,0x000000076fd7f0a0,0x000000076fd80000)
  to   space 10752K, 0% used [0x0000000773d80000,0x0000000773d80000,0x0000000774800000)
 ParOldGen       total 175104K, used 4452K [0x00000006c1800000, 0x00000006cc300000, 0x000000076b300000)
  object space 175104K, 2% used [0x00000006c1800000,0x00000006c1c59160,0x00000006cc300000)
 Metaspace       used 20825K, capacity 21204K, committed 21248K, reserved 1069056K
  class space    used 2424K, capacity 2558K, committed 2560K, reserved 1048576K
Event: 1.695 GC heap after
Heap after GC invocations=2 (full 0):
 PSYoungGen      total 141824K, used 9686K [0x000000076b300000, 0x0000000774800000, 0x00000007c0000000)
  eden space 131072K, 0% used [0x000000076b300000,0x000000076b300000,0x0000000773300000)
  from space 10752K, 90% used [0x0000000773d80000,0x00000007746f5a40,0x0000000774800000)
  to   space 10752K, 0% used [0x0000000773300000,0x0000000773300000,0x0000000773d80000)
 ParOldGen       total 175104K, used 4524K [0x00000006c1800000, 0x00000006cc300000, 0x000000076b300000)
  object space 175104K, 2% used [0x00000006c1800000,0x00000006c1c6b170,0x00000006cc300000)
 Metaspace       used 20825K, capacity 21204K, committed 21248K, reserved 1069056K
  class space    used 2424K, capacity 2558K, committed 2560K, reserved 1048576K
}
Event: 1.695 GC heap before
{Heap before GC invocations=3 (full 1):
 PSYoungGen      total 141824K, used 9686K [0x000000076b300000, 0x0000000774800000, 0x00000007c0000000)
  eden space 131072K, 0% used [0x000000076b300000,0x000000076b300000,0x0000000773300000)
  from space 10752K, 90% used [0x0000000773d80000,0x00000007746f5a40,0x0000000774800000)
  to   space 10752K, 0% used [0x0000000773300000,0x0000000773300000,0x0000000773d80000)
 ParOldGen       total 175104K, used 4524K [0x00000006c1800000, 0x00000006cc300000, 0x000000076b300000)
  object space 175104K, 2% used [0x00000006c1800000,0x00000006c1c6b170,0x00000006cc300000)
 Metaspace       used 20825K, capacity 21204K, committed 21248K, reserved 1069056K
  class space    used 2424K, capacity 2558K, committed 2560K, reserved 1048576K
Event: 1.730 GC heap after
Heap after GC invocations=3 (full 1):
 PSYoungGen      total 141824K, used 0K [0x000000076b300000, 0x0000000774800000, 0x00000007c0000000)
  eden space 131072K, 0% used [0x000000076b300000,0x000000076b300000,0x0000000773300000)
  from space 10752K, 0% used [0x0000000773d80000,0x0000000773d80000,0x0000000774800000)
  to   space 10752K, 0% used [0x0000000773300000,0x0000000773300000,0x0000000773d80000)
 ParOldGen       total 115712K, used 9447K [0x00000006c1800000, 0x00000006c8900000, 0x000000076b300000)
  object space 115712K, 8% used [0x00000006c1800000,0x00000006c2139f20,0x00000006c8900000)
 Metaspace       used 20825K, capacity 21204K, committed 21248K, reserved 1069056K
  class space    used 2424K, capacity 2558K, committed 2560K, reserved 1048576K
}
Event: 3.060 GC heap before
{Heap before GC invocations=4 (full 1):
 PSYoungGen      total 141824K, used 95036K [0x000000076b300000, 0x0000000774800000, 0x00000007c0000000)
  eden space 131072K, 72% used [0x000000076b300000,0x0000000770fcf3f8,0x0000000773300000)
  from space 10752K, 0% used [0x0000000773d80000,0x0000000773d80000,0x0000000774800000)
  to   space 10752K, 0% used [0x0000000773300000,0x0000000773300000,0x0000000773d80000)
 ParOldGen       total 115712K, used 9447K [0x00000006c1800000, 0x00000006c8900000, 0x000000076b300000)
  object space 115712K, 8% used [0x00000006c1800000,0x00000006c2139f20,0x00000006c8900000)
 Metaspace       used 34538K, capacity 35026K, committed 35416K, reserved 1081344K
  class space    used 4340K, capacity 4479K, committed 4480K, reserved 1048576K
Event: 3.079 GC heap after
Heap after GC invocations=4 (full 1):
 PSYoungGen      total 141824K, used 10733K [0x000000076b300000, 0x0000000778280000, 0x00000007c0000000)
  eden space 131072K, 0% used [0x000000076b300000,0x000000076b300000,0x0000000773300000)
  from space 10752K, 99% used [0x0000000773300000,0x0000000773d7b498,0x0000000773d80000)
  to   space 10752K, 0% used [0x0000000777800000,0x0000000777800000,0x0000000778280000)
 ParOldGen       total 115712K, used 21131K [0x00000006c1800000, 0x00000006c8900000, 0x000000076b300000)
  object space 115712K, 18% used [0x00000006c1800000,0x00000006c2ca2d40,0x00000006c8900000)
 Metaspace       used 34538K, capacity 35026K, committed 35416K, reserved 1081344K
  class space    used 4340K, capacity 4479K, committed 4480K, reserved 1048576K
}
Event: 3.079 GC heap before
{Heap before GC invocations=5 (full 2):
 PSYoungGen      total 141824K, used 10733K [0x000000076b300000, 0x0000000778280000, 0x00000007c0000000)
  eden space 131072K, 0% used [0x000000076b300000,0x000000076b300000,0x0000000773300000)
  from space 10752K, 99% used [0x0000000773300000,0x0000000773d7b498,0x0000000773d80000)
  to   space 10752K, 0% used [0x0000000777800000,0x0000000777800000,0x0000000778280000)
 ParOldGen       total 115712K, used 21131K [0x00000006c1800000, 0x00000006c8900000, 0x000000076b300000)
  object space 115712K, 18% used [0x00000006c1800000,0x00000006c2ca2d40,0x00000006c8900000)
 Metaspace       used 34538K, capacity 35026K, committed 35416K, reserved 1081344K
  class space    used 4340K, capacity 4479K, committed 4480K, reserved 1048576K
Event: 3.129 GC heap after
Heap after GC invocations=5 (full 2):
 PSYoungGen      total 141824K, used 0K [0x000000076b300000, 0x0000000778280000, 0x00000007c0000000)
  eden space 131072K, 0% used [0x000000076b300000,0x000000076b300000,0x0000000773300000)
  from space 10752K, 0% used [0x0000000773300000,0x0000000773300000,0x0000000773d80000)
  to   space 10752K, 0% used [0x0000000777800000,0x0000000777800000,0x0000000778280000)
 ParOldGen       total 204288K, used 27532K [0x00000006c1800000, 0x00000006cdf80000, 0x000000076b300000)
  object space 204288K, 13% used [0x00000006c1800000,0x00000006c32e3340,0x00000006cdf80000)
 Metaspace       used 34538K, capacity 35026K, committed 35416K, reserved 1081344K
  class space    used 4340K, capacity 4479K, committed 4480K, reserved 1048576K
}

Deoptimization events (10 events):
Event: 3.710 Thread 0x0000000002cee000 Uncommon trap: reason=class_check action=maybe_recompile pc=0x0000000003701e58 method=org.jetbrains.kotlin.com.intellij.openapi.util.text.StringUtilRt.lastIndexOf(Ljava/lang/CharSequence;CII)I @ 17
Event: 3.710 Thread 0x0000000002cee000 Uncommon trap: reason=class_check action=maybe_recompile pc=0x0000000003701e58 method=org.jetbrains.kotlin.com.intellij.openapi.util.text.StringUtilRt.lastIndexOf(Ljava/lang/CharSequence;CII)I @ 17
Event: 3.812 Thread 0x0000000002cee000 Uncommon trap: reason=unstable_if action=reinterpret pc=0x00000000036351d0 method=org.jetbrains.kotlin.parsing.AbstractKotlinParsing.tokenMatches(Lorg/jetbrains/kotlin/com/intellij/psi/tree/IElementType;Lorg/jetbrains/kotlin/com/intellij/psi/tree/IElement
Event: 3.813 Thread 0x0000000002cee000 Uncommon trap: reason=class_check action=maybe_recompile pc=0x000000000362d608 method=org.jetbrains.kotlin.com.intellij.psi.impl.source.tree.SharedImplUtil.findFileElement(Lorg/jetbrains/kotlin/com/intellij/lang/ASTNode;)Lorg/jetbrains/kotlin/com/intellij
Event: 3.813 Thread 0x0000000002cee000 Uncommon trap: reason=class_check action=maybe_recompile pc=0x000000000362d608 method=org.jetbrains.kotlin.com.intellij.psi.impl.source.tree.SharedImplUtil.findFileElement(Lorg/jetbrains/kotlin/com/intellij/lang/ASTNode;)Lorg/jetbrains/kotlin/com/intellij
Event: 3.813 Thread 0x0000000002cee000 Uncommon trap: reason=class_check action=maybe_recompile pc=0x000000000362d608 method=org.jetbrains.kotlin.com.intellij.psi.impl.source.tree.SharedImplUtil.findFileElement(Lorg/jetbrains/kotlin/com/intellij/lang/ASTNode;)Lorg/jetbrains/kotlin/com/intellij
Event: 3.813 Thread 0x0000000002cee000 Uncommon trap: reason=class_check action=maybe_recompile pc=0x000000000362d608 method=org.jetbrains.kotlin.com.intellij.psi.impl.source.tree.SharedImplUtil.findFileElement(Lorg/jetbrains/kotlin/com/intellij/lang/ASTNode;)Lorg/jetbrains/kotlin/com/intellij
Event: 3.823 Thread 0x0000000002cee000 Uncommon trap: reason=unstable_if action=reinterpret pc=0x00000000035ea1b0 method=org.jetbrains.kotlin.parsing.AbstractKotlinParsing.tokenMatches(Lorg/jetbrains/kotlin/com/intellij/psi/tree/IElementType;Lorg/jetbrains/kotlin/com/intellij/psi/tree/IElement
Event: 3.865 Thread 0x0000000002cee000 Uncommon trap: reason=predicate action=maybe_recompile pc=0x0000000003645b4c method=org.jetbrains.kotlin.com.intellij.util.text.CharArrayUtil.getChars(Ljava/lang/CharSequence;[CIII)V @ 210
Event: 3.940 Thread 0x0000000002cee000 Uncommon trap: reason=unstable_if action=reinterpret pc=0x000000000368a368 method=java.lang.AbstractStringBuilder.append(Ljava/lang/CharSequence;)Ljava/lang/AbstractStringBuilder; @ 29

Classes redefined (0 events):
No events

Internal exceptions (10 events):
Event: 1.429 Thread 0x0000000002cee000 Exception <a 'java/lang/NoSuchMethodError': java.lang.Object.lambda$comparing$77a9974f$1(Ljava/util/function/Function;Ljava/lang/Object;Ljava/lang/Object;)I> (0x000000076b88d558) thrown at [C:\src\AOSP-openjdk-git\hotspot\src\share\vm\interpreter\linkReso
Event: 1.445 Thread 0x0000000002cee000 Exception <a 'java/lang/NoSuchMethodError': java.lang.Object.lambda$static$0()J> (0x000000076b9946d8) thrown at [C:\src\AOSP-openjdk-git\hotspot\src\share\vm\interpreter\linkResolver.cpp, line 620]
Event: 1.586 Thread 0x0000000002cee000 Exception <a 'java/lang/NoSuchMethodError': java.lang.Object.lambda$static$0(I)[Lorg/jetbrains/kotlin/com/intellij/openapi/editor/event/DocumentListener;> (0x000000076c0e3388) thrown at [C:\src\AOSP-openjdk-git\hotspot\src\share\vm\interpreter\linkResolve
Event: 1.620 Thread 0x0000000002cee000 Exception <a 'java/lang/NoSuchMethodError': java.lang.Object.lambda$static$0(I)[Lorg/jetbrains/kotlin/com/intellij/psi/PsiAnnotation;> (0x000000076c3005b8) thrown at [C:\src\AOSP-openjdk-git\hotspot\src\share\vm\interpreter\linkResolver.cpp, line 620]
Event: 1.763 Thread 0x0000000002cee000 Exception <a 'java/lang/NoSuchMethodError': java.lang.Object.lambda$static$0(I)[Lorg/jetbrains/kotlin/com/intellij/psi/PsiElement;> (0x000000076b46bf58) thrown at [C:\src\AOSP-openjdk-git\hotspot\src\share\vm\interpreter\linkResolver.cpp, line 620]
Event: 2.463 Thread 0x0000000002cee000 Exception <a 'java/lang/ArrayIndexOutOfBoundsException': 126> (0x000000076e7ffd08) thrown at [C:\src\AOSP-openjdk-git\hotspot\src\share\vm\interpreter\interpreterRuntime.cpp, line 368]
Event: 3.180 Thread 0x0000000002cee000 Exception <a 'java/lang/NoSuchMethodError': java.lang.Object.lambda$static$0(I)[Lorg/jetbrains/kotlin/psi/KtExpression;> (0x000000076b473928) thrown at [C:\src\AOSP-openjdk-git\hotspot\src\share\vm\interpreter\linkResolver.cpp, line 620]
Event: 3.519 Thread 0x0000000002cee000 Exception <a 'java/lang/NoSuchMethodError': java.lang.Object.lambda$static$0(I)[Lorg/jetbrains/kotlin/psi/KtDeclaration;> (0x000000076c993ca0) thrown at [C:\src\AOSP-openjdk-git\hotspot\src\share\vm\interpreter\linkResolver.cpp, line 620]
Event: 3.768 Thread 0x0000000002cee000 Exception <a 'java/lang/NoSuchMethodError': java.lang.Object.lambda$static$0(I)[Lorg/jetbrains/kotlin/psi/KtTypeElement;> (0x000000076d5722e0) thrown at [C:\src\AOSP-openjdk-git\hotspot\src\share\vm\interpreter\linkResolver.cpp, line 620]
Event: 3.945 Thread 0x0000000002cee000 Exception <a 'java/lang/NoSuchMethodError': java.lang.Object.lambda$static$0(I)[Lorg/jetbrains/kotlin/com/intellij/psi/PsiClass;> (0x000000076dd02940) thrown at [C:\src\AOSP-openjdk-git\hotspot\src\share\vm\interpreter\linkResolver.cpp, line 620]

Events (10 events):
Event: 4.013 loading class org/jetbrains/kotlin/types/checker/ClassicTypeSystemContext$DefaultImpls
Event: 4.013 loading class org/jetbrains/kotlin/types/checker/ClassicTypeSystemContext$DefaultImpls done
Event: 4.019 loading class org/jetbrains/kotlin/types/model/TypeSystemInferenceExtensionContext$DefaultImpls
Event: 4.019 loading class org/jetbrains/kotlin/types/model/TypeSystemInferenceExtensionContext$DefaultImpls done
Event: 4.019 loading class org/jetbrains/kotlin/types/model/TypeSystemContext$DefaultImpls
Event: 4.019 loading class org/jetbrains/kotlin/types/model/TypeSystemContext$DefaultImpls done
Event: 4.020 loading class org/jetbrains/kotlin/load/kotlin/JvmType$Object
Event: 4.020 loading class org/jetbrains/kotlin/load/kotlin/JvmType$Object done
Event: 4.021 loading class org/jetbrains/kotlin/load/kotlin/JvmType
Event: 4.021 loading class org/jetbrains/kotlin/load/kotlin/JvmType done


Dynamic libraries:
0x00007ff75f3d0000 - 0x00007ff75f401000 	C:\Android_Studio\jre\jre\bin\java.exe
0x00007ffb44820000 - 0x00007ffb44a10000 	C:\Windows\SYSTEM32\ntdll.dll
0x00007ffb434e0000 - 0x00007ffb43592000 	C:\Windows\System32\KERNEL32.DLL
0x00007ffb41aa0000 - 0x00007ffb41d45000 	C:\Windows\System32\KERNELBASE.dll
0x00007ffb3f580000 - 0x00007ffb3f60f000 	C:\Windows\SYSTEM32\apphelp.dll
0x00007ffb446a0000 - 0x00007ffb44743000 	C:\Windows\System32\ADVAPI32.dll
0x00007ffb43d60000 - 0x00007ffb43dfe000 	C:\Windows\System32\msvcrt.dll
0x00007ffb42d40000 - 0x00007ffb42dd7000 	C:\Windows\System32\sechost.dll
0x00007ffb43b70000 - 0x00007ffb43c90000 	C:\Windows\System32\RPCRT4.dll
0x00007ffb43950000 - 0x00007ffb43ae4000 	C:\Windows\System32\USER32.dll
0x00007ffb41ea0000 - 0x00007ffb41ec1000 	C:\Windows\System32\win32u.dll
0x00007ffb447b0000 - 0x00007ffb447d6000 	C:\Windows\System32\GDI32.dll
0x00007ffb41850000 - 0x00007ffb419e6000 	C:\Windows\System32\gdi32full.dll
0x00007ffb42830000 - 0x00007ffb428ce000 	C:\Windows\System32\msvcp_win.dll
0x00007ffb41da0000 - 0x00007ffb41e9a000 	C:\Windows\System32\ucrtbase.dll
0x00007ffb3b5b0000 - 0x00007ffb3b834000 	C:\Windows\WinSxS\amd64_microsoft.windows.common-controls_6595b64144ccf1df_6.0.18362.1198_none_9e820b57e45ad92f\COMCTL32.dll
0x00007ffb42f00000 - 0x00007ffb43235000 	C:\Windows\System32\combase.dll
0x00007ffb42020000 - 0x00007ffb420a0000 	C:\Windows\System32\bcryptPrimitives.dll
0x00007ffb433c0000 - 0x00007ffb433ee000 	C:\Windows\System32\IMM32.DLL
0x000000006f5b0000 - 0x000000006f682000 	C:\Android_Studio\jre\jre\bin\msvcr100.dll
0x000000006f690000 - 0x000000006fedb000 	C:\Android_Studio\jre\jre\bin\server\jvm.dll
0x00007ffb43e00000 - 0x00007ffb43e08000 	C:\Windows\System32\PSAPI.DLL
0x00007ffb3c2a0000 - 0x00007ffb3c2aa000 	C:\Windows\SYSTEM32\VERSION.dll
0x00007ffb383c0000 - 0x00007ffb383e4000 	C:\Windows\SYSTEM32\WINMM.dll
0x00007ffb401b0000 - 0x00007ffb401b9000 	C:\Windows\SYSTEM32\WSOCK32.dll
0x00007ffb38180000 - 0x00007ffb381ad000 	C:\Windows\SYSTEM32\WINMMBASE.dll
0x00007ffb41a50000 - 0x00007ffb41a9a000 	C:\Windows\System32\cfgmgr32.dll
0x0000000002ad0000 - 0x0000000002b3f000 	C:\Windows\System32\ws2_32.DLL
0x00007ffb3b3c0000 - 0x00007ffb3b3cf000 	C:\Android_Studio\jre\jre\bin\verify.dll
0x00007ffb39460000 - 0x00007ffb39489000 	C:\Android_Studio\jre\jre\bin\java.dll
0x00007ffb391a0000 - 0x00007ffb391b6000 	C:\Android_Studio\jre\jre\bin\zip.dll
0x00007ffb43fb0000 - 0x00007ffb44697000 	C:\Windows\System32\SHELL32.dll
0x00007ffb42e50000 - 0x00007ffb42ef9000 	C:\Windows\System32\shcore.dll
0x00007ffb420a0000 - 0x00007ffb42821000 	C:\Windows\System32\windows.storage.dll
0x00007ffb41770000 - 0x00007ffb41793000 	C:\Windows\System32\profapi.dll
0x00007ffb41720000 - 0x00007ffb4176a000 	C:\Windows\System32\powrprof.dll
0x00007ffb416d0000 - 0x00007ffb416e0000 	C:\Windows\System32\UMPDC.dll
0x00007ffb44750000 - 0x00007ffb447a2000 	C:\Windows\System32\shlwapi.dll
0x00007ffb41700000 - 0x00007ffb41711000 	C:\Windows\System32\kernel.appcore.dll
0x00007ffb41d80000 - 0x00007ffb41d97000 	C:\Windows\System32\cryptsp.dll
0x00007ffb39110000 - 0x00007ffb3912a000 	C:\Android_Studio\jre\jre\bin\net.dll
0x00007ffb40f20000 - 0x00007ffb40f87000 	C:\Windows\system32\mswsock.dll
0x00007ffb390f0000 - 0x00007ffb39103000 	C:\Android_Studio\jre\jre\bin\nio.dll

VM Arguments:
java_command: org.jetbrains.kotlin.cli.jvm.K2JVMCompiler @C:\Users\79231\AndroidStudioProjects\Test-task-CFT-Currency-converter\app\build\20201207_758794656845162066.compiler.options
java_class_path (initial): C:\Users\79231\.gradle\caches\modules-2\files-2.1\org.jetbrains.kotlin\kotlin-compiler-embeddable\1.4.10\38c4b99d5d5362debdd9302a866730379aa2328a\kotlin-compiler-embeddable-1.4.10.jar;C:\Users\79231\.gradle\caches\modules-2\files-2.1\org.jetbrains.kotlin\kotlin-reflect\1.4.10\e2b3c6695eee6085e606d96d685396dce23a3a06\kotlin-reflect-1.4.10.jar;C:\Users\79231\.gradle\caches\modules-2\files-2.1\org.jetbrains.kotlin\kotlin-stdlib\1.4.10\ea29e063d2bbe695be13e9d044dcfb0c7add398e\kotlin-stdlib-1.4.10.jar;C:\Users\79231\.gradle\caches\modules-2\files-2.1\org.jetbrains.kotlin\kotlin-script-runtime\1.4.10\7c19d9c2001e016cd7664cebe9eea66fc04a7f4f\kotlin-script-runtime-1.4.10.jar;C:\Users\79231\.gradle\caches\modules-2\files-2.1\org.jetbrains.kotlin\kotlin-daemon-embeddable\1.4.10\dbd67f42bed28043d17d7c860b06110a00a45970\kotlin-daemon-embeddable-1.4.10.jar;C:\Users\79231\.gradle\caches\modules-2\files-2.1\org.jetbrains.intellij.deps\trove4j\1.0.20181211\216c2e14b070f334479d800987affe4054cd563f\trove4j-1.0.20181211.jar;C:\Users\79231\.gradle\caches\modules-2\files-2.1\org.jetbrains.kotlin\kotlin-stdlib-common\1.4.10\6229be3465805c99db1142ad75e6c6ddeac0b04c\kotlin-stdlib-common-1.4.10.jar;C:\Users\79231\.gradle\caches\modules-2\files-2.1\org.jetbrains\annotations\13.0\919f0dfe192fb4e063e7dacadee7f8bb9a2672a9\annotations-13.0.jar;C:\Android_Studio\jre\lib\tools.jar
Launcher Type: SUN_STANDARD

Environment Variables:
PATH=C:\Windows\system32;C:\Windows;C:\Windows\System32\Wbem;C:\Windows\System32\WindowsPowerShell\v1.0\;C:\Windows\System32\OpenSSH\;C:\Git\Git\cmd;C:\Users\79231\AppData\Local\Microsoft\WindowsApps;
USERNAME=79231
OS=Windows_NT
PROCESSOR_IDENTIFIER=Intel64 Family 6 Model 94 Stepping 3, GenuineIntel



---------------  S Y S T E M  ---------------

OS: Windows 10.0 , 64 bit Build 18362 (10.0.18362.1110)

CPU:total 4 (initial active 4) (4 cores per cpu, 1 threads per core) family 6 model 94 stepping 3, cmov, cx8, fxsr, mmx, sse, sse2, sse3, ssse3, sse4.1, sse4.2, popcnt, avx, avx2, aes, clmul, erms, rtm, 3dnowpref, lzcnt, tsc, tscinvbit, bmi1, bmi2, adx

Memory: 4k page, physical 16670820k(2150552k free), swap 26111268k(4680k free)

vm_info: OpenJDK 64-Bit Server VM (25.242-b01) for windows-amd64 JRE (1.8.0_242-release-1644-b01), built by "builder" with MS VC++ 10.0 (VS2010)

time: Mon Dec 07 19:13:55 2020
timezone: Новосибирское стандартное время
elapsed time: 4 seconds (0d 0h 0m 4s)

